<?xml version="1.0" encoding="UTF-8"?>
<testsuite xmlns:xsi="http://www.w3.org/2001/XMLSchema-instance" xsi:noNamespaceSchemaLocation="https://maven.apache.org/surefire/maven-surefire-plugin/xsd/surefire-test-report.xsd" name="com.artist.ArtistApplicationTests" time="5.655" tests="6" errors="0" skipped="0" failures="6">
  <properties>
    <property name="java.specification.version" value="17"/>
    <property name="sun.jnu.encoding" value="UTF-8"/>
    <property name="java.class.path" value="/workspaces/SpringBootApplication/target/test-classes:/workspaces/SpringBootApplication/target/classes:/home/codespace/.m2/repository/org/springframework/boot/spring-boot-starter/3.0.6/spring-boot-starter-3.0.6.jar:/home/codespace/.m2/repository/org/springframework/boot/spring-boot/3.0.6/spring-boot-3.0.6.jar:/home/codespace/.m2/repository/org/springframework/spring-context/6.0.8/spring-context-6.0.8.jar:/home/codespace/.m2/repository/org/springframework/boot/spring-boot-autoconfigure/3.0.6/spring-boot-autoconfigure-3.0.6.jar:/home/codespace/.m2/repository/org/springframework/boot/spring-boot-starter-logging/3.0.6/spring-boot-starter-logging-3.0.6.jar:/home/codespace/.m2/repository/ch/qos/logback/logback-classic/1.4.7/logback-classic-1.4.7.jar:/home/codespace/.m2/repository/ch/qos/logback/logback-core/1.4.7/logback-core-1.4.7.jar:/home/codespace/.m2/repository/org/apache/logging/log4j/log4j-to-slf4j/2.19.0/log4j-to-slf4j-2.19.0.jar:/home/codespace/.m2/repository/org/apache/logging/log4j/log4j-api/2.19.0/log4j-api-2.19.0.jar:/home/codespace/.m2/repository/org/slf4j/jul-to-slf4j/2.0.7/jul-to-slf4j-2.0.7.jar:/home/codespace/.m2/repository/jakarta/annotation/jakarta.annotation-api/2.1.1/jakarta.annotation-api-2.1.1.jar:/home/codespace/.m2/repository/org/springframework/spring-core/6.0.8/spring-core-6.0.8.jar:/home/codespace/.m2/repository/org/springframework/spring-jcl/6.0.8/spring-jcl-6.0.8.jar:/home/codespace/.m2/repository/org/yaml/snakeyaml/1.33/snakeyaml-1.33.jar:/home/codespace/.m2/repository/org/springframework/boot/spring-boot-starter-web/3.0.6/spring-boot-starter-web-3.0.6.jar:/home/codespace/.m2/repository/org/springframework/boot/spring-boot-starter-json/3.0.6/spring-boot-starter-json-3.0.6.jar:/home/codespace/.m2/repository/com/fasterxml/jackson/core/jackson-databind/2.14.2/jackson-databind-2.14.2.jar:/home/codespace/.m2/repository/com/fasterxml/jackson/core/jackson-core/2.14.2/jackson-core-2.14.2.jar:/home/codespace/.m2/repository/com/fasterxml/jackson/datatype/jackson-datatype-jdk8/2.14.2/jackson-datatype-jdk8-2.14.2.jar:/home/codespace/.m2/repository/com/fasterxml/jackson/datatype/jackson-datatype-jsr310/2.14.2/jackson-datatype-jsr310-2.14.2.jar:/home/codespace/.m2/repository/com/fasterxml/jackson/module/jackson-module-parameter-names/2.14.2/jackson-module-parameter-names-2.14.2.jar:/home/codespace/.m2/repository/org/springframework/boot/spring-boot-starter-tomcat/3.0.6/spring-boot-starter-tomcat-3.0.6.jar:/home/codespace/.m2/repository/org/apache/tomcat/embed/tomcat-embed-core/10.1.8/tomcat-embed-core-10.1.8.jar:/home/codespace/.m2/repository/org/apache/tomcat/embed/tomcat-embed-el/10.1.8/tomcat-embed-el-10.1.8.jar:/home/codespace/.m2/repository/org/apache/tomcat/embed/tomcat-embed-websocket/10.1.8/tomcat-embed-websocket-10.1.8.jar:/home/codespace/.m2/repository/org/springframework/spring-web/6.0.8/spring-web-6.0.8.jar:/home/codespace/.m2/repository/org/springframework/spring-beans/6.0.8/spring-beans-6.0.8.jar:/home/codespace/.m2/repository/io/micrometer/micrometer-observation/1.10.6/micrometer-observation-1.10.6.jar:/home/codespace/.m2/repository/io/micrometer/micrometer-commons/1.10.6/micrometer-commons-1.10.6.jar:/home/codespace/.m2/repository/org/springframework/spring-webmvc/6.0.8/spring-webmvc-6.0.8.jar:/home/codespace/.m2/repository/org/springframework/spring-aop/6.0.8/spring-aop-6.0.8.jar:/home/codespace/.m2/repository/org/springframework/spring-expression/6.0.8/spring-expression-6.0.8.jar:/home/codespace/.m2/repository/org/springframework/boot/spring-boot-starter-test/3.0.6/spring-boot-starter-test-3.0.6.jar:/home/codespace/.m2/repository/org/springframework/boot/spring-boot-test/3.0.6/spring-boot-test-3.0.6.jar:/home/codespace/.m2/repository/org/springframework/boot/spring-boot-test-autoconfigure/3.0.6/spring-boot-test-autoconfigure-3.0.6.jar:/home/codespace/.m2/repository/com/jayway/jsonpath/json-path/2.7.0/json-path-2.7.0.jar:/home/codespace/.m2/repository/net/minidev/json-smart/2.4.10/json-smart-2.4.10.jar:/home/codespace/.m2/repository/net/minidev/accessors-smart/2.4.9/accessors-smart-2.4.9.jar:/home/codespace/.m2/repository/org/ow2/asm/asm/9.3/asm-9.3.jar:/home/codespace/.m2/repository/jakarta/xml/bind/jakarta.xml.bind-api/4.0.0/jakarta.xml.bind-api-4.0.0.jar:/home/codespace/.m2/repository/jakarta/activation/jakarta.activation-api/2.1.1/jakarta.activation-api-2.1.1.jar:/home/codespace/.m2/repository/org/assertj/assertj-core/3.23.1/assertj-core-3.23.1.jar:/home/codespace/.m2/repository/net/bytebuddy/byte-buddy/1.12.23/byte-buddy-1.12.23.jar:/home/codespace/.m2/repository/org/hamcrest/hamcrest/2.2/hamcrest-2.2.jar:/home/codespace/.m2/repository/org/junit/jupiter/junit-jupiter/5.9.2/junit-jupiter-5.9.2.jar:/home/codespace/.m2/repository/org/junit/jupiter/junit-jupiter-api/5.9.2/junit-jupiter-api-5.9.2.jar:/home/codespace/.m2/repository/org/opentest4j/opentest4j/1.2.0/opentest4j-1.2.0.jar:/home/codespace/.m2/repository/org/junit/platform/junit-platform-commons/1.9.2/junit-platform-commons-1.9.2.jar:/home/codespace/.m2/repository/org/apiguardian/apiguardian-api/1.1.2/apiguardian-api-1.1.2.jar:/home/codespace/.m2/repository/org/junit/jupiter/junit-jupiter-params/5.9.2/junit-jupiter-params-5.9.2.jar:/home/codespace/.m2/repository/org/junit/jupiter/junit-jupiter-engine/5.9.2/junit-jupiter-engine-5.9.2.jar:/home/codespace/.m2/repository/org/junit/platform/junit-platform-engine/1.9.2/junit-platform-engine-1.9.2.jar:/home/codespace/.m2/repository/org/mockito/mockito-core/4.8.1/mockito-core-4.8.1.jar:/home/codespace/.m2/repository/net/bytebuddy/byte-buddy-agent/1.12.23/byte-buddy-agent-1.12.23.jar:/home/codespace/.m2/repository/org/objenesis/objenesis/3.2/objenesis-3.2.jar:/home/codespace/.m2/repository/org/mockito/mockito-junit-jupiter/4.8.1/mockito-junit-jupiter-4.8.1.jar:/home/codespace/.m2/repository/org/skyscreamer/jsonassert/1.5.1/jsonassert-1.5.1.jar:/home/codespace/.m2/repository/com/vaadin/external/google/android-json/0.0.20131108.vaadin1/android-json-0.0.20131108.vaadin1.jar:/home/codespace/.m2/repository/org/springframework/spring-test/6.0.8/spring-test-6.0.8.jar:/home/codespace/.m2/repository/org/xmlunit/xmlunit-core/2.9.1/xmlunit-core-2.9.1.jar:/home/codespace/.m2/repository/org/springframework/boot/spring-boot-starter-data-jpa/3.0.6/spring-boot-starter-data-jpa-3.0.6.jar:/home/codespace/.m2/repository/org/springframework/boot/spring-boot-starter-aop/3.0.6/spring-boot-starter-aop-3.0.6.jar:/home/codespace/.m2/repository/org/aspectj/aspectjweaver/1.9.19/aspectjweaver-1.9.19.jar:/home/codespace/.m2/repository/org/springframework/boot/spring-boot-starter-jdbc/3.0.6/spring-boot-starter-jdbc-3.0.6.jar:/home/codespace/.m2/repository/com/zaxxer/HikariCP/5.0.1/HikariCP-5.0.1.jar:/home/codespace/.m2/repository/org/springframework/spring-jdbc/6.0.8/spring-jdbc-6.0.8.jar:/home/codespace/.m2/repository/org/hibernate/orm/hibernate-core/6.1.7.Final/hibernate-core-6.1.7.Final.jar:/home/codespace/.m2/repository/jakarta/persistence/jakarta.persistence-api/3.1.0/jakarta.persistence-api-3.1.0.jar:/home/codespace/.m2/repository/jakarta/transaction/jakarta.transaction-api/2.0.1/jakarta.transaction-api-2.0.1.jar:/home/codespace/.m2/repository/org/jboss/logging/jboss-logging/3.5.0.Final/jboss-logging-3.5.0.Final.jar:/home/codespace/.m2/repository/org/hibernate/common/hibernate-commons-annotations/6.0.6.Final/hibernate-commons-annotations-6.0.6.Final.jar:/home/codespace/.m2/repository/org/jboss/jandex/2.4.2.Final/jandex-2.4.2.Final.jar:/home/codespace/.m2/repository/org/glassfish/jaxb/jaxb-runtime/4.0.2/jaxb-runtime-4.0.2.jar:/home/codespace/.m2/repository/org/glassfish/jaxb/jaxb-core/4.0.2/jaxb-core-4.0.2.jar:/home/codespace/.m2/repository/org/eclipse/angus/angus-activation/2.0.0/angus-activation-2.0.0.jar:/home/codespace/.m2/repository/org/glassfish/jaxb/txw2/4.0.2/txw2-4.0.2.jar:/home/codespace/.m2/repository/com/sun/istack/istack-commons-runtime/4.1.1/istack-commons-runtime-4.1.1.jar:/home/codespace/.m2/repository/jakarta/inject/jakarta.inject-api/2.0.0/jakarta.inject-api-2.0.0.jar:/home/codespace/.m2/repository/org/antlr/antlr4-runtime/4.10.1/antlr4-runtime-4.10.1.jar:/home/codespace/.m2/repository/org/springframework/data/spring-data-jpa/3.0.5/spring-data-jpa-3.0.5.jar:/home/codespace/.m2/repository/org/springframework/data/spring-data-commons/3.0.5/spring-data-commons-3.0.5.jar:/home/codespace/.m2/repository/org/springframework/spring-orm/6.0.8/spring-orm-6.0.8.jar:/home/codespace/.m2/repository/org/springframework/spring-tx/6.0.8/spring-tx-6.0.8.jar:/home/codespace/.m2/repository/org/springframework/spring-aspects/6.0.8/spring-aspects-6.0.8.jar:/home/codespace/.m2/repository/com/h2database/h2/2.1.214/h2-2.1.214.jar:/home/codespace/.m2/repository/org/springframework/boot/spring-boot-starter-thymeleaf/3.0.6/spring-boot-starter-thymeleaf-3.0.6.jar:/home/codespace/.m2/repository/org/thymeleaf/thymeleaf-spring6/3.1.1.RELEASE/thymeleaf-spring6-3.1.1.RELEASE.jar:/home/codespace/.m2/repository/org/thymeleaf/thymeleaf/3.1.1.RELEASE/thymeleaf-3.1.1.RELEASE.jar:/home/codespace/.m2/repository/org/attoparser/attoparser/2.0.6.RELEASE/attoparser-2.0.6.RELEASE.jar:/home/codespace/.m2/repository/org/unbescape/unbescape/1.1.6.RELEASE/unbescape-1.1.6.RELEASE.jar:/home/codespace/.m2/repository/io/springfox/springfox-swagger2/2.9.2/springfox-swagger2-2.9.2.jar:/home/codespace/.m2/repository/io/swagger/swagger-annotations/1.5.20/swagger-annotations-1.5.20.jar:/home/codespace/.m2/repository/io/swagger/swagger-models/1.5.20/swagger-models-1.5.20.jar:/home/codespace/.m2/repository/com/fasterxml/jackson/core/jackson-annotations/2.14.2/jackson-annotations-2.14.2.jar:/home/codespace/.m2/repository/io/springfox/springfox-spi/2.9.2/springfox-spi-2.9.2.jar:/home/codespace/.m2/repository/io/springfox/springfox-core/2.9.2/springfox-core-2.9.2.jar:/home/codespace/.m2/repository/io/springfox/springfox-schema/2.9.2/springfox-schema-2.9.2.jar:/home/codespace/.m2/repository/io/springfox/springfox-swagger-common/2.9.2/springfox-swagger-common-2.9.2.jar:/home/codespace/.m2/repository/io/springfox/springfox-spring-web/2.9.2/springfox-spring-web-2.9.2.jar:/home/codespace/.m2/repository/com/google/guava/guava/20.0/guava-20.0.jar:/home/codespace/.m2/repository/com/fasterxml/classmate/1.5.1/classmate-1.5.1.jar:/home/codespace/.m2/repository/org/slf4j/slf4j-api/2.0.7/slf4j-api-2.0.7.jar:/home/codespace/.m2/repository/org/springframework/plugin/spring-plugin-core/1.2.0.RELEASE/spring-plugin-core-1.2.0.RELEASE.jar:/home/codespace/.m2/repository/org/springframework/plugin/spring-plugin-metadata/1.2.0.RELEASE/spring-plugin-metadata-1.2.0.RELEASE.jar:/home/codespace/.m2/repository/org/mapstruct/mapstruct/1.2.0.Final/mapstruct-1.2.0.Final.jar:/home/codespace/.m2/repository/io/springfox/springfox-swagger-ui/2.9.2/springfox-swagger-ui-2.9.2.jar:"/>
    <property name="java.vm.vendor" value="Microsoft"/>
    <property name="sun.arch.data.model" value="64"/>
    <property name="java.vendor.url" value="https://www.microsoft.com"/>
    <property name="os.name" value="Linux"/>
    <property name="java.vm.specification.version" value="17"/>
    <property name="sun.java.launcher" value="SUN_STANDARD"/>
    <property name="sun.boot.library.path" value="/usr/local/sdkman/candidates/java/17.0.12-ms/lib"/>
    <property name="sun.java.command" value="/workspaces/SpringBootApplication/target/surefire/surefirebooter10265902047454238227.jar /workspaces/SpringBootApplication/target/surefire 2024-09-11T20-03-41_752-jvmRun1 surefire6335915966424046437tmp surefire_07658846906412630775tmp"/>
    <property name="jdk.debug" value="release"/>
    <property name="surefire.test.class.path" value="/workspaces/SpringBootApplication/target/test-classes:/workspaces/SpringBootApplication/target/classes:/home/codespace/.m2/repository/org/springframework/boot/spring-boot-starter/3.0.6/spring-boot-starter-3.0.6.jar:/home/codespace/.m2/repository/org/springframework/boot/spring-boot/3.0.6/spring-boot-3.0.6.jar:/home/codespace/.m2/repository/org/springframework/spring-context/6.0.8/spring-context-6.0.8.jar:/home/codespace/.m2/repository/org/springframework/boot/spring-boot-autoconfigure/3.0.6/spring-boot-autoconfigure-3.0.6.jar:/home/codespace/.m2/repository/org/springframework/boot/spring-boot-starter-logging/3.0.6/spring-boot-starter-logging-3.0.6.jar:/home/codespace/.m2/repository/ch/qos/logback/logback-classic/1.4.7/logback-classic-1.4.7.jar:/home/codespace/.m2/repository/ch/qos/logback/logback-core/1.4.7/logback-core-1.4.7.jar:/home/codespace/.m2/repository/org/apache/logging/log4j/log4j-to-slf4j/2.19.0/log4j-to-slf4j-2.19.0.jar:/home/codespace/.m2/repository/org/apache/logging/log4j/log4j-api/2.19.0/log4j-api-2.19.0.jar:/home/codespace/.m2/repository/org/slf4j/jul-to-slf4j/2.0.7/jul-to-slf4j-2.0.7.jar:/home/codespace/.m2/repository/jakarta/annotation/jakarta.annotation-api/2.1.1/jakarta.annotation-api-2.1.1.jar:/home/codespace/.m2/repository/org/springframework/spring-core/6.0.8/spring-core-6.0.8.jar:/home/codespace/.m2/repository/org/springframework/spring-jcl/6.0.8/spring-jcl-6.0.8.jar:/home/codespace/.m2/repository/org/yaml/snakeyaml/1.33/snakeyaml-1.33.jar:/home/codespace/.m2/repository/org/springframework/boot/spring-boot-starter-web/3.0.6/spring-boot-starter-web-3.0.6.jar:/home/codespace/.m2/repository/org/springframework/boot/spring-boot-starter-json/3.0.6/spring-boot-starter-json-3.0.6.jar:/home/codespace/.m2/repository/com/fasterxml/jackson/core/jackson-databind/2.14.2/jackson-databind-2.14.2.jar:/home/codespace/.m2/repository/com/fasterxml/jackson/core/jackson-core/2.14.2/jackson-core-2.14.2.jar:/home/codespace/.m2/repository/com/fasterxml/jackson/datatype/jackson-datatype-jdk8/2.14.2/jackson-datatype-jdk8-2.14.2.jar:/home/codespace/.m2/repository/com/fasterxml/jackson/datatype/jackson-datatype-jsr310/2.14.2/jackson-datatype-jsr310-2.14.2.jar:/home/codespace/.m2/repository/com/fasterxml/jackson/module/jackson-module-parameter-names/2.14.2/jackson-module-parameter-names-2.14.2.jar:/home/codespace/.m2/repository/org/springframework/boot/spring-boot-starter-tomcat/3.0.6/spring-boot-starter-tomcat-3.0.6.jar:/home/codespace/.m2/repository/org/apache/tomcat/embed/tomcat-embed-core/10.1.8/tomcat-embed-core-10.1.8.jar:/home/codespace/.m2/repository/org/apache/tomcat/embed/tomcat-embed-el/10.1.8/tomcat-embed-el-10.1.8.jar:/home/codespace/.m2/repository/org/apache/tomcat/embed/tomcat-embed-websocket/10.1.8/tomcat-embed-websocket-10.1.8.jar:/home/codespace/.m2/repository/org/springframework/spring-web/6.0.8/spring-web-6.0.8.jar:/home/codespace/.m2/repository/org/springframework/spring-beans/6.0.8/spring-beans-6.0.8.jar:/home/codespace/.m2/repository/io/micrometer/micrometer-observation/1.10.6/micrometer-observation-1.10.6.jar:/home/codespace/.m2/repository/io/micrometer/micrometer-commons/1.10.6/micrometer-commons-1.10.6.jar:/home/codespace/.m2/repository/org/springframework/spring-webmvc/6.0.8/spring-webmvc-6.0.8.jar:/home/codespace/.m2/repository/org/springframework/spring-aop/6.0.8/spring-aop-6.0.8.jar:/home/codespace/.m2/repository/org/springframework/spring-expression/6.0.8/spring-expression-6.0.8.jar:/home/codespace/.m2/repository/org/springframework/boot/spring-boot-starter-test/3.0.6/spring-boot-starter-test-3.0.6.jar:/home/codespace/.m2/repository/org/springframework/boot/spring-boot-test/3.0.6/spring-boot-test-3.0.6.jar:/home/codespace/.m2/repository/org/springframework/boot/spring-boot-test-autoconfigure/3.0.6/spring-boot-test-autoconfigure-3.0.6.jar:/home/codespace/.m2/repository/com/jayway/jsonpath/json-path/2.7.0/json-path-2.7.0.jar:/home/codespace/.m2/repository/net/minidev/json-smart/2.4.10/json-smart-2.4.10.jar:/home/codespace/.m2/repository/net/minidev/accessors-smart/2.4.9/accessors-smart-2.4.9.jar:/home/codespace/.m2/repository/org/ow2/asm/asm/9.3/asm-9.3.jar:/home/codespace/.m2/repository/jakarta/xml/bind/jakarta.xml.bind-api/4.0.0/jakarta.xml.bind-api-4.0.0.jar:/home/codespace/.m2/repository/jakarta/activation/jakarta.activation-api/2.1.1/jakarta.activation-api-2.1.1.jar:/home/codespace/.m2/repository/org/assertj/assertj-core/3.23.1/assertj-core-3.23.1.jar:/home/codespace/.m2/repository/net/bytebuddy/byte-buddy/1.12.23/byte-buddy-1.12.23.jar:/home/codespace/.m2/repository/org/hamcrest/hamcrest/2.2/hamcrest-2.2.jar:/home/codespace/.m2/repository/org/junit/jupiter/junit-jupiter/5.9.2/junit-jupiter-5.9.2.jar:/home/codespace/.m2/repository/org/junit/jupiter/junit-jupiter-api/5.9.2/junit-jupiter-api-5.9.2.jar:/home/codespace/.m2/repository/org/opentest4j/opentest4j/1.2.0/opentest4j-1.2.0.jar:/home/codespace/.m2/repository/org/junit/platform/junit-platform-commons/1.9.2/junit-platform-commons-1.9.2.jar:/home/codespace/.m2/repository/org/apiguardian/apiguardian-api/1.1.2/apiguardian-api-1.1.2.jar:/home/codespace/.m2/repository/org/junit/jupiter/junit-jupiter-params/5.9.2/junit-jupiter-params-5.9.2.jar:/home/codespace/.m2/repository/org/junit/jupiter/junit-jupiter-engine/5.9.2/junit-jupiter-engine-5.9.2.jar:/home/codespace/.m2/repository/org/junit/platform/junit-platform-engine/1.9.2/junit-platform-engine-1.9.2.jar:/home/codespace/.m2/repository/org/mockito/mockito-core/4.8.1/mockito-core-4.8.1.jar:/home/codespace/.m2/repository/net/bytebuddy/byte-buddy-agent/1.12.23/byte-buddy-agent-1.12.23.jar:/home/codespace/.m2/repository/org/objenesis/objenesis/3.2/objenesis-3.2.jar:/home/codespace/.m2/repository/org/mockito/mockito-junit-jupiter/4.8.1/mockito-junit-jupiter-4.8.1.jar:/home/codespace/.m2/repository/org/skyscreamer/jsonassert/1.5.1/jsonassert-1.5.1.jar:/home/codespace/.m2/repository/com/vaadin/external/google/android-json/0.0.20131108.vaadin1/android-json-0.0.20131108.vaadin1.jar:/home/codespace/.m2/repository/org/springframework/spring-test/6.0.8/spring-test-6.0.8.jar:/home/codespace/.m2/repository/org/xmlunit/xmlunit-core/2.9.1/xmlunit-core-2.9.1.jar:/home/codespace/.m2/repository/org/springframework/boot/spring-boot-starter-data-jpa/3.0.6/spring-boot-starter-data-jpa-3.0.6.jar:/home/codespace/.m2/repository/org/springframework/boot/spring-boot-starter-aop/3.0.6/spring-boot-starter-aop-3.0.6.jar:/home/codespace/.m2/repository/org/aspectj/aspectjweaver/1.9.19/aspectjweaver-1.9.19.jar:/home/codespace/.m2/repository/org/springframework/boot/spring-boot-starter-jdbc/3.0.6/spring-boot-starter-jdbc-3.0.6.jar:/home/codespace/.m2/repository/com/zaxxer/HikariCP/5.0.1/HikariCP-5.0.1.jar:/home/codespace/.m2/repository/org/springframework/spring-jdbc/6.0.8/spring-jdbc-6.0.8.jar:/home/codespace/.m2/repository/org/hibernate/orm/hibernate-core/6.1.7.Final/hibernate-core-6.1.7.Final.jar:/home/codespace/.m2/repository/jakarta/persistence/jakarta.persistence-api/3.1.0/jakarta.persistence-api-3.1.0.jar:/home/codespace/.m2/repository/jakarta/transaction/jakarta.transaction-api/2.0.1/jakarta.transaction-api-2.0.1.jar:/home/codespace/.m2/repository/org/jboss/logging/jboss-logging/3.5.0.Final/jboss-logging-3.5.0.Final.jar:/home/codespace/.m2/repository/org/hibernate/common/hibernate-commons-annotations/6.0.6.Final/hibernate-commons-annotations-6.0.6.Final.jar:/home/codespace/.m2/repository/org/jboss/jandex/2.4.2.Final/jandex-2.4.2.Final.jar:/home/codespace/.m2/repository/org/glassfish/jaxb/jaxb-runtime/4.0.2/jaxb-runtime-4.0.2.jar:/home/codespace/.m2/repository/org/glassfish/jaxb/jaxb-core/4.0.2/jaxb-core-4.0.2.jar:/home/codespace/.m2/repository/org/eclipse/angus/angus-activation/2.0.0/angus-activation-2.0.0.jar:/home/codespace/.m2/repository/org/glassfish/jaxb/txw2/4.0.2/txw2-4.0.2.jar:/home/codespace/.m2/repository/com/sun/istack/istack-commons-runtime/4.1.1/istack-commons-runtime-4.1.1.jar:/home/codespace/.m2/repository/jakarta/inject/jakarta.inject-api/2.0.0/jakarta.inject-api-2.0.0.jar:/home/codespace/.m2/repository/org/antlr/antlr4-runtime/4.10.1/antlr4-runtime-4.10.1.jar:/home/codespace/.m2/repository/org/springframework/data/spring-data-jpa/3.0.5/spring-data-jpa-3.0.5.jar:/home/codespace/.m2/repository/org/springframework/data/spring-data-commons/3.0.5/spring-data-commons-3.0.5.jar:/home/codespace/.m2/repository/org/springframework/spring-orm/6.0.8/spring-orm-6.0.8.jar:/home/codespace/.m2/repository/org/springframework/spring-tx/6.0.8/spring-tx-6.0.8.jar:/home/codespace/.m2/repository/org/springframework/spring-aspects/6.0.8/spring-aspects-6.0.8.jar:/home/codespace/.m2/repository/com/h2database/h2/2.1.214/h2-2.1.214.jar:/home/codespace/.m2/repository/org/springframework/boot/spring-boot-starter-thymeleaf/3.0.6/spring-boot-starter-thymeleaf-3.0.6.jar:/home/codespace/.m2/repository/org/thymeleaf/thymeleaf-spring6/3.1.1.RELEASE/thymeleaf-spring6-3.1.1.RELEASE.jar:/home/codespace/.m2/repository/org/thymeleaf/thymeleaf/3.1.1.RELEASE/thymeleaf-3.1.1.RELEASE.jar:/home/codespace/.m2/repository/org/attoparser/attoparser/2.0.6.RELEASE/attoparser-2.0.6.RELEASE.jar:/home/codespace/.m2/repository/org/unbescape/unbescape/1.1.6.RELEASE/unbescape-1.1.6.RELEASE.jar:/home/codespace/.m2/repository/io/springfox/springfox-swagger2/2.9.2/springfox-swagger2-2.9.2.jar:/home/codespace/.m2/repository/io/swagger/swagger-annotations/1.5.20/swagger-annotations-1.5.20.jar:/home/codespace/.m2/repository/io/swagger/swagger-models/1.5.20/swagger-models-1.5.20.jar:/home/codespace/.m2/repository/com/fasterxml/jackson/core/jackson-annotations/2.14.2/jackson-annotations-2.14.2.jar:/home/codespace/.m2/repository/io/springfox/springfox-spi/2.9.2/springfox-spi-2.9.2.jar:/home/codespace/.m2/repository/io/springfox/springfox-core/2.9.2/springfox-core-2.9.2.jar:/home/codespace/.m2/repository/io/springfox/springfox-schema/2.9.2/springfox-schema-2.9.2.jar:/home/codespace/.m2/repository/io/springfox/springfox-swagger-common/2.9.2/springfox-swagger-common-2.9.2.jar:/home/codespace/.m2/repository/io/springfox/springfox-spring-web/2.9.2/springfox-spring-web-2.9.2.jar:/home/codespace/.m2/repository/com/google/guava/guava/20.0/guava-20.0.jar:/home/codespace/.m2/repository/com/fasterxml/classmate/1.5.1/classmate-1.5.1.jar:/home/codespace/.m2/repository/org/slf4j/slf4j-api/2.0.7/slf4j-api-2.0.7.jar:/home/codespace/.m2/repository/org/springframework/plugin/spring-plugin-core/1.2.0.RELEASE/spring-plugin-core-1.2.0.RELEASE.jar:/home/codespace/.m2/repository/org/springframework/plugin/spring-plugin-metadata/1.2.0.RELEASE/spring-plugin-metadata-1.2.0.RELEASE.jar:/home/codespace/.m2/repository/org/mapstruct/mapstruct/1.2.0.Final/mapstruct-1.2.0.Final.jar:/home/codespace/.m2/repository/io/springfox/springfox-swagger-ui/2.9.2/springfox-swagger-ui-2.9.2.jar:"/>
    <property name="sun.cpu.endian" value="little"/>
    <property name="user.home" value="/home/codespace"/>
    <property name="user.language" value="en"/>
    <property name="java.specification.vendor" value="Oracle Corporation"/>
    <property name="java.version.date" value="2024-07-16"/>
    <property name="java.home" value="/usr/local/sdkman/candidates/java/17.0.12-ms"/>
    <property name="file.separator" value="/"/>
    <property name="basedir" value="/workspaces/SpringBootApplication"/>
    <property name="java.vm.compressedOopsMode" value="Zero based"/>
    <property name="line.separator" value="&#10;"/>
    <property name="java.vm.specification.vendor" value="Oracle Corporation"/>
    <property name="java.specification.name" value="Java Platform API Specification"/>
    <property name="surefire.real.class.path" value="/workspaces/SpringBootApplication/target/surefire/surefirebooter10265902047454238227.jar"/>
    <property name="sun.management.compiler" value="HotSpot 64-Bit Tiered Compilers"/>
    <property name="java.runtime.version" value="17.0.12+7-LTS"/>
    <property name="user.name" value="codespace"/>
    <property name="path.separator" value=":"/>
    <property name="os.version" value="6.5.0-1025-azure"/>
    <property name="java.runtime.name" value="OpenJDK Runtime Environment"/>
    <property name="file.encoding" value="UTF-8"/>
    <property name="java.vm.name" value="OpenJDK 64-Bit Server VM"/>
    <property name="java.vendor.version" value="Microsoft-9889599"/>
    <property name="localRepository" value="/home/codespace/.m2/repository"/>
    <property name="java.vendor.url.bug" value="https://github.com/microsoft/openjdk/issues"/>
    <property name="java.io.tmpdir" value="/tmp"/>
    <property name="java.version" value="17.0.12"/>
    <property name="user.dir" value="/workspaces/SpringBootApplication"/>
    <property name="os.arch" value="amd64"/>
    <property name="java.vm.specification.name" value="Java Virtual Machine Specification"/>
    <property name="native.encoding" value="UTF-8"/>
    <property name="java.library.path" value="/usr/java/packages/lib:/usr/lib64:/lib64:/lib:/usr/lib"/>
    <property name="java.vm.info" value="mixed mode, sharing"/>
    <property name="java.vendor" value="Microsoft"/>
    <property name="java.vm.version" value="17.0.12+7-LTS"/>
    <property name="sun.io.unicode.encoding" value="UnicodeLittle"/>
    <property name="java.class.version" value="61.0"/>
  </properties>
  <testcase name="testGetPlayListByID_NotFound" classname="com.artist.ArtistApplicationTests" time="0.773">
    <failure message="Status expected:&lt;200&gt; but was:&lt;404&gt;" type="java.lang.AssertionError"><![CDATA[java.lang.AssertionError: Status expected:<200> but was:<404>
	at com.artist.ArtistApplicationTests.testGetPlayListByID_NotFound(ArtistApplicationTests.java:135)
]]></failure>
    <system-out><![CDATA[20:03:42.448 [main] DEBUG org.springframework.boot.test.context.SpringBootTestContextBootstrapper -- Neither @ContextConfiguration nor @ContextHierarchy found for test class [ArtistApplicationTests]: using SpringBootContextLoader
20:03:42.452 [main] DEBUG org.springframework.test.context.support.AbstractContextLoader -- Could not detect default resource locations for test class [com.artist.ArtistApplicationTests]: no resource found for suffixes {-context.xml, Context.groovy}.
20:03:42.453 [main] INFO org.springframework.test.context.support.AnnotationConfigContextLoaderUtils -- Could not detect default configuration classes for test class [com.artist.ArtistApplicationTests]: ArtistApplicationTests does not declare any static, non-private, non-final, nested classes annotated with @Configuration.
20:03:42.485 [main] DEBUG org.springframework.boot.test.context.SpringBootTestContextBootstrapper -- Using ContextCustomizers for test class [ArtistApplicationTests]: [ImportsContextCustomizer, ExcludeFilterContextCustomizer, DuplicateJsonObjectContextCustomizer, MockitoContextCustomizer, TestRestTemplateContextCustomizer, DisableObservabilityContextCustomizer, PropertyMappingContextCustomizer, Customizer]
20:03:42.540 [main] DEBUG org.springframework.context.annotation.ClassPathScanningCandidateComponentProvider -- Identified candidate component class: file [/workspaces/SpringBootApplication/target/classes/com/artist/ArtistApplication.class]
20:03:42.542 [main] INFO org.springframework.boot.test.context.SpringBootTestContextBootstrapper -- Found @SpringBootConfiguration com.artist.ArtistApplication for test class com.artist.ArtistApplicationTests
20:03:42.619 [main] DEBUG org.springframework.boot.test.context.SpringBootTestContextBootstrapper -- Using TestExecutionListeners for test class [ArtistApplicationTests]: [ServletTestExecutionListener, DirtiesContextBeforeModesTestExecutionListener, ApplicationEventsTestExecutionListener, MockitoTestExecutionListener, DependencyInjectionTestExecutionListener, DirtiesContextTestExecutionListener, TransactionalTestExecutionListener, SqlScriptsTestExecutionListener, EventPublishingTestExecutionListener, ResetMocksTestExecutionListener, RestDocsTestExecutionListener, MockRestServiceServerResetTestExecutionListener, MockMvcPrintOnlyOnFailureTestExecutionListener, WebDriverTestExecutionListener, MockWebServiceServerTestExecutionListener]
20:03:42.620 [main] DEBUG org.springframework.test.context.support.AbstractDirtiesContextTestExecutionListener -- Before test class: class [ArtistApplicationTests], class annotated with @DirtiesContext [true] with mode [BEFORE_EACH_TEST_METHOD]

  .   ____          _            __ _ _
 /\\ / ___'_ __ _ _(_)_ __  __ _ \ \ \ \
( ( )\___ | '_ | '_| | '_ \/ _` | \ \ \ \
 \\/  ___)| |_)| | | | | || (_| |  ) ) ) )
  '  |____| .__|_| |_|_| |_\__, | / / / /
 =========|_|==============|___/=/_/_/_/
 :: Spring Boot ::                (v3.0.6)

2024-09-11T20:03:42.958Z  INFO 61968 --- [           main] com.artist.ArtistApplicationTests        : Starting ArtistApplicationTests using Java 17.0.12 with PID 61968 (started by codespace in /workspaces/SpringBootApplication)
2024-09-11T20:03:42.959Z  INFO 61968 --- [           main] com.artist.ArtistApplicationTests        : No active profile set, falling back to 1 default profile: "default"
2024-09-11T20:03:43.408Z  INFO 61968 --- [           main] .s.d.r.c.RepositoryConfigurationDelegate : Bootstrapping Spring Data JPA repositories in DEFAULT mode.
2024-09-11T20:03:43.451Z  INFO 61968 --- [           main] .s.d.r.c.RepositoryConfigurationDelegate : Finished Spring Data repository scanning in 37 ms. Found 1 JPA repository interfaces.
2024-09-11T20:03:43.825Z  INFO 61968 --- [           main] o.hibernate.jpa.internal.util.LogHelper  : HHH000204: Processing PersistenceUnitInfo [name: default]
2024-09-11T20:03:43.863Z  INFO 61968 --- [           main] org.hibernate.Version                    : HHH000412: Hibernate ORM core version 6.1.7.Final
2024-09-11T20:03:44.074Z  INFO 61968 --- [           main] com.zaxxer.hikari.HikariDataSource       : HikariPool-1 - Starting...
2024-09-11T20:03:44.212Z  INFO 61968 --- [           main] com.zaxxer.hikari.pool.HikariPool        : HikariPool-1 - Added connection conn0: url=jdbc:h2:mem:testdb user=SA
2024-09-11T20:03:44.214Z  INFO 61968 --- [           main] com.zaxxer.hikari.HikariDataSource       : HikariPool-1 - Start completed.
2024-09-11T20:03:44.229Z  INFO 61968 --- [           main] SQL dialect                              : HHH000400: Using dialect: org.hibernate.dialect.H2Dialect
2024-09-11T20:03:44.700Z  INFO 61968 --- [           main] o.h.e.t.j.p.i.JtaPlatformInitiator       : HHH000490: Using JtaPlatform implementation: [org.hibernate.engine.transaction.jta.platform.internal.NoJtaPlatform]
2024-09-11T20:03:44.708Z  INFO 61968 --- [           main] j.LocalContainerEntityManagerFactoryBean : Initialized JPA EntityManagerFactory for persistence unit 'default'
2024-09-11T20:03:45.065Z  WARN 61968 --- [           main] JpaBaseConfiguration$JpaWebConfiguration : spring.jpa.open-in-view is enabled by default. Therefore, database queries may be performed during view rendering. Explicitly configure spring.jpa.open-in-view to disable this warning
2024-09-11T20:03:45.220Z  INFO 61968 --- [           main] o.s.b.a.w.s.WelcomePageHandlerMapping    : Adding welcome page template: index
2024-09-11T20:03:45.350Z  INFO 61968 --- [           main] o.s.b.a.h2.H2ConsoleAutoConfiguration    : H2 console available at '/h2-console'. Database available at 'jdbc:h2:mem:testdb'
2024-09-11T20:03:45.390Z  INFO 61968 --- [           main] o.s.b.t.m.w.SpringBootMockServletContext : Initializing Spring TestDispatcherServlet ''
2024-09-11T20:03:45.390Z  INFO 61968 --- [           main] o.s.t.web.servlet.TestDispatcherServlet  : Initializing Servlet ''
2024-09-11T20:03:45.393Z  INFO 61968 --- [           main] o.s.t.web.servlet.TestDispatcherServlet  : Completed initialization in 0 ms
2024-09-11T20:03:45.414Z  INFO 61968 --- [           main] com.artist.ArtistApplicationTests        : Started ArtistApplicationTests in 2.656 seconds (process running for 3.541)
2024-09-11T20:03:45.438Z  INFO 61968 --- [           main] j.LocalContainerEntityManagerFactoryBean : Closing JPA EntityManagerFactory for persistence unit 'default'
2024-09-11T20:03:45.440Z  INFO 61968 --- [           main] com.zaxxer.hikari.HikariDataSource       : HikariPool-1 - Shutdown initiated...
2024-09-11T20:03:45.445Z  INFO 61968 --- [           main] com.zaxxer.hikari.HikariDataSource       : HikariPool-1 - Shutdown completed.

  .   ____          _            __ _ _
 /\\ / ___'_ __ _ _(_)_ __  __ _ \ \ \ \
( ( )\___ | '_ | '_| | '_ \/ _` | \ \ \ \
 \\/  ___)| |_)| | | | | || (_| |  ) ) ) )
  '  |____| .__|_| |_|_| |_\__, | / / / /
 =========|_|==============|___/=/_/_/_/
 :: Spring Boot ::                (v3.0.6)

2024-09-11T20:03:45.473Z  INFO 61968 --- [           main] com.artist.ArtistApplicationTests        : Starting ArtistApplicationTests using Java 17.0.12 with PID 61968 (started by codespace in /workspaces/SpringBootApplication)
2024-09-11T20:03:45.473Z  INFO 61968 --- [           main] com.artist.ArtistApplicationTests        : No active profile set, falling back to 1 default profile: "default"
2024-09-11T20:03:45.601Z  INFO 61968 --- [           main] .s.d.r.c.RepositoryConfigurationDelegate : Bootstrapping Spring Data JPA repositories in DEFAULT mode.
2024-09-11T20:03:45.608Z  INFO 61968 --- [           main] .s.d.r.c.RepositoryConfigurationDelegate : Finished Spring Data repository scanning in 6 ms. Found 1 JPA repository interfaces.
2024-09-11T20:03:45.687Z  INFO 61968 --- [           main] o.hibernate.jpa.internal.util.LogHelper  : HHH000204: Processing PersistenceUnitInfo [name: default]
2024-09-11T20:03:45.692Z  INFO 61968 --- [           main] com.zaxxer.hikari.HikariDataSource       : HikariPool-2 - Starting...
2024-09-11T20:03:45.694Z  INFO 61968 --- [           main] com.zaxxer.hikari.pool.HikariPool        : HikariPool-2 - Added connection conn10: url=jdbc:h2:mem:testdb user=SA
2024-09-11T20:03:45.695Z  INFO 61968 --- [           main] com.zaxxer.hikari.HikariDataSource       : HikariPool-2 - Start completed.
2024-09-11T20:03:45.695Z  INFO 61968 --- [           main] SQL dialect                              : HHH000400: Using dialect: org.hibernate.dialect.H2Dialect
2024-09-11T20:03:45.722Z  INFO 61968 --- [           main] o.h.e.t.j.p.i.JtaPlatformInitiator       : HHH000490: Using JtaPlatform implementation: [org.hibernate.engine.transaction.jta.platform.internal.NoJtaPlatform]
2024-09-11T20:03:45.723Z  INFO 61968 --- [           main] j.LocalContainerEntityManagerFactoryBean : Initialized JPA EntityManagerFactory for persistence unit 'default'
2024-09-11T20:03:45.784Z  WARN 61968 --- [           main] JpaBaseConfiguration$JpaWebConfiguration : spring.jpa.open-in-view is enabled by default. Therefore, database queries may be performed during view rendering. Explicitly configure spring.jpa.open-in-view to disable this warning
2024-09-11T20:03:45.817Z  INFO 61968 --- [           main] o.s.b.a.w.s.WelcomePageHandlerMapping    : Adding welcome page template: index
2024-09-11T20:03:45.864Z  INFO 61968 --- [           main] o.s.b.a.h2.H2ConsoleAutoConfiguration    : H2 console available at '/h2-console'. Database available at 'jdbc:h2:mem:testdb'
2024-09-11T20:03:45.882Z  INFO 61968 --- [           main] o.s.b.t.m.w.SpringBootMockServletContext : Initializing Spring TestDispatcherServlet ''
2024-09-11T20:03:45.882Z  INFO 61968 --- [           main] o.s.t.web.servlet.TestDispatcherServlet  : Initializing Servlet ''
2024-09-11T20:03:45.883Z  INFO 61968 --- [           main] o.s.t.web.servlet.TestDispatcherServlet  : Completed initialization in 1 ms
2024-09-11T20:03:45.892Z  INFO 61968 --- [           main] com.artist.ArtistApplicationTests        : Started ArtistApplicationTests in 0.444 seconds (process running for 4.02)

MockHttpServletRequest:
      HTTP Method = GET
      Request URI = /v1/artists/999
       Parameters = {}
          Headers = [Content-Type:"application/json;charset=UTF-8"]
             Body = null
    Session Attrs = {}

Handler:
             Type = org.springframework.web.servlet.resource.ResourceHttpRequestHandler

Async:
    Async started = false
     Async result = null

Resolved Exception:
             Type = null

ModelAndView:
        View name = null
             View = null
            Model = null

FlashMap:
       Attributes = null

MockHttpServletResponse:
           Status = 404
    Error message = null
          Headers = [Vary:"Origin", "Access-Control-Request-Method", "Access-Control-Request-Headers"]
     Content type = null
             Body = 
    Forwarded URL = null
   Redirected URL = null
          Cookies = []

MockHttpServletRequest:
      HTTP Method = GET
      Request URI = /v1/artists/999
       Parameters = {}
          Headers = [Content-Type:"application/json;charset=UTF-8"]
             Body = null
    Session Attrs = {}

Handler:
             Type = org.springframework.web.servlet.resource.ResourceHttpRequestHandler

Async:
    Async started = false
     Async result = null

Resolved Exception:
             Type = null

ModelAndView:
        View name = null
             View = null
            Model = null

FlashMap:
       Attributes = null

MockHttpServletResponse:
           Status = 404
    Error message = null
          Headers = [Vary:"Origin", "Access-Control-Request-Method", "Access-Control-Request-Headers"]
     Content type = null
             Body = 
    Forwarded URL = null
   Redirected URL = null
          Cookies = []
]]></system-out>
  </testcase>
  <testcase name="testListOfTracks" classname="com.artist.ArtistApplicationTests" time="0.452">
    <failure message="No value at JSON path &quot;$.id&quot;" type="java.lang.AssertionError">java.lang.AssertionError: No value at JSON path "$.id"
	at com.artist.ArtistApplicationTests.testListOfTracks(ArtistApplicationTests.java:73)
Caused by: java.lang.IllegalArgumentException: json can not be null or empty
	at com.artist.ArtistApplicationTests.testListOfTracks(ArtistApplicationTests.java:73)
</failure>
    <system-out><![CDATA[2024-09-11T20:03:46.209Z  INFO 61968 --- [           main] j.LocalContainerEntityManagerFactoryBean : Closing JPA EntityManagerFactory for persistence unit 'default'
2024-09-11T20:03:46.210Z  INFO 61968 --- [           main] com.zaxxer.hikari.HikariDataSource       : HikariPool-2 - Shutdown initiated...
2024-09-11T20:03:46.211Z  INFO 61968 --- [           main] com.zaxxer.hikari.HikariDataSource       : HikariPool-2 - Shutdown completed.

  .   ____          _            __ _ _
 /\\ / ___'_ __ _ _(_)_ __  __ _ \ \ \ \
( ( )\___ | '_ | '_| | '_ \/ _` | \ \ \ \
 \\/  ___)| |_)| | | | | || (_| |  ) ) ) )
  '  |____| .__|_| |_|_| |_\__, | / / / /
 =========|_|==============|___/=/_/_/_/
 :: Spring Boot ::                (v3.0.6)

2024-09-11T20:03:46.237Z  INFO 61968 --- [           main] com.artist.ArtistApplicationTests        : Starting ArtistApplicationTests using Java 17.0.12 with PID 61968 (started by codespace in /workspaces/SpringBootApplication)
2024-09-11T20:03:46.237Z  INFO 61968 --- [           main] com.artist.ArtistApplicationTests        : No active profile set, falling back to 1 default profile: "default"
2024-09-11T20:03:46.348Z  INFO 61968 --- [           main] .s.d.r.c.RepositoryConfigurationDelegate : Bootstrapping Spring Data JPA repositories in DEFAULT mode.
2024-09-11T20:03:46.355Z  INFO 61968 --- [           main] .s.d.r.c.RepositoryConfigurationDelegate : Finished Spring Data repository scanning in 6 ms. Found 1 JPA repository interfaces.
2024-09-11T20:03:46.421Z  INFO 61968 --- [           main] o.hibernate.jpa.internal.util.LogHelper  : HHH000204: Processing PersistenceUnitInfo [name: default]
2024-09-11T20:03:46.424Z  INFO 61968 --- [           main] com.zaxxer.hikari.HikariDataSource       : HikariPool-3 - Starting...
2024-09-11T20:03:46.427Z  INFO 61968 --- [           main] com.zaxxer.hikari.pool.HikariPool        : HikariPool-3 - Added connection conn20: url=jdbc:h2:mem:testdb user=SA
2024-09-11T20:03:46.427Z  INFO 61968 --- [           main] com.zaxxer.hikari.HikariDataSource       : HikariPool-3 - Start completed.
2024-09-11T20:03:46.428Z  INFO 61968 --- [           main] SQL dialect                              : HHH000400: Using dialect: org.hibernate.dialect.H2Dialect
2024-09-11T20:03:46.451Z  INFO 61968 --- [           main] o.h.e.t.j.p.i.JtaPlatformInitiator       : HHH000490: Using JtaPlatform implementation: [org.hibernate.engine.transaction.jta.platform.internal.NoJtaPlatform]
2024-09-11T20:03:46.451Z  INFO 61968 --- [           main] j.LocalContainerEntityManagerFactoryBean : Initialized JPA EntityManagerFactory for persistence unit 'default'
2024-09-11T20:03:46.505Z  WARN 61968 --- [           main] JpaBaseConfiguration$JpaWebConfiguration : spring.jpa.open-in-view is enabled by default. Therefore, database queries may be performed during view rendering. Explicitly configure spring.jpa.open-in-view to disable this warning
2024-09-11T20:03:46.545Z  INFO 61968 --- [           main] o.s.b.a.w.s.WelcomePageHandlerMapping    : Adding welcome page template: index
2024-09-11T20:03:46.581Z  INFO 61968 --- [           main] o.s.b.a.h2.H2ConsoleAutoConfiguration    : H2 console available at '/h2-console'. Database available at 'jdbc:h2:mem:testdb'
2024-09-11T20:03:46.595Z  INFO 61968 --- [           main] o.s.b.t.m.w.SpringBootMockServletContext : Initializing Spring TestDispatcherServlet ''
2024-09-11T20:03:46.595Z  INFO 61968 --- [           main] o.s.t.web.servlet.TestDispatcherServlet  : Initializing Servlet ''
2024-09-11T20:03:46.596Z  INFO 61968 --- [           main] o.s.t.web.servlet.TestDispatcherServlet  : Completed initialization in 0 ms
2024-09-11T20:03:46.604Z  INFO 61968 --- [           main] com.artist.ArtistApplicationTests        : Started ArtistApplicationTests in 0.389 seconds (process running for 4.731)

MockHttpServletRequest:
      HTTP Method = POST
      Request URI = /v1/artists
       Parameters = {}
          Headers = [Content-Type:"application/json;charset=UTF-8", Content-Length:"43"]
             Body = {"firstName":"Henry ","lastName":"Kaldera"}
    Session Attrs = {}

Handler:
             Type = org.springframework.web.servlet.resource.ResourceHttpRequestHandler

Async:
    Async started = false
     Async result = null

Resolved Exception:
             Type = null

ModelAndView:
        View name = null
             View = null
            Model = null

FlashMap:
       Attributes = null

MockHttpServletResponse:
           Status = 404
    Error message = null
          Headers = [Vary:"Origin", "Access-Control-Request-Method", "Access-Control-Request-Headers"]
     Content type = null
             Body = 
    Forwarded URL = null
   Redirected URL = null
          Cookies = []

MockHttpServletRequest:
      HTTP Method = POST
      Request URI = /v1/artists
       Parameters = {}
          Headers = [Content-Type:"application/json;charset=UTF-8", Content-Length:"43"]
             Body = {"firstName":"Henry ","lastName":"Kaldera"}
    Session Attrs = {}

Handler:
             Type = org.springframework.web.servlet.resource.ResourceHttpRequestHandler

Async:
    Async started = false
     Async result = null

Resolved Exception:
             Type = null

ModelAndView:
        View name = null
             View = null
            Model = null

FlashMap:
       Attributes = null

MockHttpServletResponse:
           Status = 404
    Error message = null
          Headers = [Vary:"Origin", "Access-Control-Request-Method", "Access-Control-Request-Headers"]
     Content type = null
             Body = 
    Forwarded URL = null
   Redirected URL = null
          Cookies = []
]]></system-out>
  </testcase>
  <testcase name="testPlayListDeleteById" classname="com.artist.ArtistApplicationTests" time="0.384">
    <failure message="Status expected:&lt;201&gt; but was:&lt;404&gt;" type="java.lang.AssertionError"><![CDATA[java.lang.AssertionError: Status expected:<201> but was:<404>
	at com.artist.ArtistApplicationTests.testPlayListDeleteById(ArtistApplicationTests.java:102)
]]></failure>
    <system-out><![CDATA[2024-09-11T20:03:46.661Z  INFO 61968 --- [           main] j.LocalContainerEntityManagerFactoryBean : Closing JPA EntityManagerFactory for persistence unit 'default'
2024-09-11T20:03:46.662Z  INFO 61968 --- [           main] com.zaxxer.hikari.HikariDataSource       : HikariPool-3 - Shutdown initiated...
2024-09-11T20:03:46.663Z  INFO 61968 --- [           main] com.zaxxer.hikari.HikariDataSource       : HikariPool-3 - Shutdown completed.

  .   ____          _            __ _ _
 /\\ / ___'_ __ _ _(_)_ __  __ _ \ \ \ \
( ( )\___ | '_ | '_| | '_ \/ _` | \ \ \ \
 \\/  ___)| |_)| | | | | || (_| |  ) ) ) )
  '  |____| .__|_| |_|_| |_\__, | / / / /
 =========|_|==============|___/=/_/_/_/
 :: Spring Boot ::                (v3.0.6)

2024-09-11T20:03:46.689Z  INFO 61968 --- [           main] com.artist.ArtistApplicationTests        : Starting ArtistApplicationTests using Java 17.0.12 with PID 61968 (started by codespace in /workspaces/SpringBootApplication)
2024-09-11T20:03:46.689Z  INFO 61968 --- [           main] com.artist.ArtistApplicationTests        : No active profile set, falling back to 1 default profile: "default"
2024-09-11T20:03:46.800Z  INFO 61968 --- [           main] .s.d.r.c.RepositoryConfigurationDelegate : Bootstrapping Spring Data JPA repositories in DEFAULT mode.
2024-09-11T20:03:46.807Z  INFO 61968 --- [           main] .s.d.r.c.RepositoryConfigurationDelegate : Finished Spring Data repository scanning in 6 ms. Found 1 JPA repository interfaces.
2024-09-11T20:03:46.858Z  INFO 61968 --- [           main] o.hibernate.jpa.internal.util.LogHelper  : HHH000204: Processing PersistenceUnitInfo [name: default]
2024-09-11T20:03:46.861Z  INFO 61968 --- [           main] com.zaxxer.hikari.HikariDataSource       : HikariPool-4 - Starting...
2024-09-11T20:03:46.864Z  INFO 61968 --- [           main] com.zaxxer.hikari.pool.HikariPool        : HikariPool-4 - Added connection conn30: url=jdbc:h2:mem:testdb user=SA
2024-09-11T20:03:46.864Z  INFO 61968 --- [           main] com.zaxxer.hikari.HikariDataSource       : HikariPool-4 - Start completed.
2024-09-11T20:03:46.864Z  INFO 61968 --- [           main] SQL dialect                              : HHH000400: Using dialect: org.hibernate.dialect.H2Dialect
2024-09-11T20:03:46.881Z  INFO 61968 --- [           main] o.h.e.t.j.p.i.JtaPlatformInitiator       : HHH000490: Using JtaPlatform implementation: [org.hibernate.engine.transaction.jta.platform.internal.NoJtaPlatform]
2024-09-11T20:03:46.881Z  INFO 61968 --- [           main] j.LocalContainerEntityManagerFactoryBean : Initialized JPA EntityManagerFactory for persistence unit 'default'
2024-09-11T20:03:46.943Z  WARN 61968 --- [           main] JpaBaseConfiguration$JpaWebConfiguration : spring.jpa.open-in-view is enabled by default. Therefore, database queries may be performed during view rendering. Explicitly configure spring.jpa.open-in-view to disable this warning
2024-09-11T20:03:46.982Z  INFO 61968 --- [           main] o.s.b.a.w.s.WelcomePageHandlerMapping    : Adding welcome page template: index
2024-09-11T20:03:47.009Z  INFO 61968 --- [           main] o.s.b.a.h2.H2ConsoleAutoConfiguration    : H2 console available at '/h2-console'. Database available at 'jdbc:h2:mem:testdb'
2024-09-11T20:03:47.020Z  INFO 61968 --- [           main] o.s.b.t.m.w.SpringBootMockServletContext : Initializing Spring TestDispatcherServlet ''
2024-09-11T20:03:47.020Z  INFO 61968 --- [           main] o.s.t.web.servlet.TestDispatcherServlet  : Initializing Servlet ''
2024-09-11T20:03:47.020Z  INFO 61968 --- [           main] o.s.t.web.servlet.TestDispatcherServlet  : Completed initialization in 0 ms
2024-09-11T20:03:47.025Z  INFO 61968 --- [           main] com.artist.ArtistApplicationTests        : Started ArtistApplicationTests in 0.36 seconds (process running for 5.153)

MockHttpServletRequest:
      HTTP Method = POST
      Request URI = /v1/artists
       Parameters = {}
          Headers = [Content-Type:"application/json;charset=UTF-8", Content-Length:"43"]
             Body = {"firstName":"Henry ","lastName":"Kaldera"}
    Session Attrs = {}

Handler:
             Type = org.springframework.web.servlet.resource.ResourceHttpRequestHandler

Async:
    Async started = false
     Async result = null

Resolved Exception:
             Type = null

ModelAndView:
        View name = null
             View = null
            Model = null

FlashMap:
       Attributes = null

MockHttpServletResponse:
           Status = 404
    Error message = null
          Headers = [Vary:"Origin", "Access-Control-Request-Method", "Access-Control-Request-Headers"]
     Content type = null
             Body = 
    Forwarded URL = null
   Redirected URL = null
          Cookies = []

MockHttpServletRequest:
      HTTP Method = POST
      Request URI = /v1/artists
       Parameters = {}
          Headers = [Content-Type:"application/json;charset=UTF-8", Content-Length:"43"]
             Body = {"firstName":"Henry ","lastName":"Kaldera"}
    Session Attrs = {}

Handler:
             Type = org.springframework.web.servlet.resource.ResourceHttpRequestHandler

Async:
    Async started = false
     Async result = null

Resolved Exception:
             Type = null

ModelAndView:
        View name = null
             View = null
            Model = null

FlashMap:
       Attributes = null

MockHttpServletResponse:
           Status = 404
    Error message = null
          Headers = [Vary:"Origin", "Access-Control-Request-Method", "Access-Control-Request-Headers"]
     Content type = null
             Body = 
    Forwarded URL = null
   Redirected URL = null
          Cookies = []
]]></system-out>
  </testcase>
  <testcase name="testListOfTracksEmpty" classname="com.artist.ArtistApplicationTests" time="0.312">
    <failure message="Status expected:&lt;200&gt; but was:&lt;404&gt;" type="java.lang.AssertionError"><![CDATA[java.lang.AssertionError: Status expected:<200> but was:<404>
	at com.artist.ArtistApplicationTests.testListOfTracksEmpty(ArtistApplicationTests.java:90)
]]></failure>
    <system-out><![CDATA[2024-09-11T20:03:47.047Z  INFO 61968 --- [           main] j.LocalContainerEntityManagerFactoryBean : Closing JPA EntityManagerFactory for persistence unit 'default'
2024-09-11T20:03:47.048Z  INFO 61968 --- [           main] com.zaxxer.hikari.HikariDataSource       : HikariPool-4 - Shutdown initiated...
2024-09-11T20:03:47.054Z  INFO 61968 --- [           main] com.zaxxer.hikari.HikariDataSource       : HikariPool-4 - Shutdown completed.

  .   ____          _            __ _ _
 /\\ / ___'_ __ _ _(_)_ __  __ _ \ \ \ \
( ( )\___ | '_ | '_| | '_ \/ _` | \ \ \ \
 \\/  ___)| |_)| | | | | || (_| |  ) ) ) )
  '  |____| .__|_| |_|_| |_\__, | / / / /
 =========|_|==============|___/=/_/_/_/
 :: Spring Boot ::                (v3.0.6)

2024-09-11T20:03:47.083Z  INFO 61968 --- [           main] com.artist.ArtistApplicationTests        : Starting ArtistApplicationTests using Java 17.0.12 with PID 61968 (started by codespace in /workspaces/SpringBootApplication)
2024-09-11T20:03:47.084Z  INFO 61968 --- [           main] com.artist.ArtistApplicationTests        : No active profile set, falling back to 1 default profile: "default"
2024-09-11T20:03:47.168Z  INFO 61968 --- [           main] .s.d.r.c.RepositoryConfigurationDelegate : Bootstrapping Spring Data JPA repositories in DEFAULT mode.
2024-09-11T20:03:47.172Z  INFO 61968 --- [           main] .s.d.r.c.RepositoryConfigurationDelegate : Finished Spring Data repository scanning in 3 ms. Found 1 JPA repository interfaces.
2024-09-11T20:03:47.212Z  INFO 61968 --- [           main] o.hibernate.jpa.internal.util.LogHelper  : HHH000204: Processing PersistenceUnitInfo [name: default]
2024-09-11T20:03:47.215Z  INFO 61968 --- [           main] com.zaxxer.hikari.HikariDataSource       : HikariPool-5 - Starting...
2024-09-11T20:03:47.217Z  INFO 61968 --- [           main] com.zaxxer.hikari.pool.HikariPool        : HikariPool-5 - Added connection conn39: url=jdbc:h2:mem:testdb user=SA
2024-09-11T20:03:47.217Z  INFO 61968 --- [           main] com.zaxxer.hikari.HikariDataSource       : HikariPool-5 - Start completed.
2024-09-11T20:03:47.218Z  INFO 61968 --- [           main] SQL dialect                              : HHH000400: Using dialect: org.hibernate.dialect.H2Dialect
2024-09-11T20:03:47.235Z  INFO 61968 --- [           main] o.h.e.t.j.p.i.JtaPlatformInitiator       : HHH000490: Using JtaPlatform implementation: [org.hibernate.engine.transaction.jta.platform.internal.NoJtaPlatform]
2024-09-11T20:03:47.235Z  INFO 61968 --- [           main] j.LocalContainerEntityManagerFactoryBean : Initialized JPA EntityManagerFactory for persistence unit 'default'
2024-09-11T20:03:47.278Z  WARN 61968 --- [           main] JpaBaseConfiguration$JpaWebConfiguration : spring.jpa.open-in-view is enabled by default. Therefore, database queries may be performed during view rendering. Explicitly configure spring.jpa.open-in-view to disable this warning
2024-09-11T20:03:47.305Z  INFO 61968 --- [           main] o.s.b.a.w.s.WelcomePageHandlerMapping    : Adding welcome page template: index
2024-09-11T20:03:47.331Z  INFO 61968 --- [           main] o.s.b.a.h2.H2ConsoleAutoConfiguration    : H2 console available at '/h2-console'. Database available at 'jdbc:h2:mem:testdb'
2024-09-11T20:03:47.341Z  INFO 61968 --- [           main] o.s.b.t.m.w.SpringBootMockServletContext : Initializing Spring TestDispatcherServlet ''
2024-09-11T20:03:47.341Z  INFO 61968 --- [           main] o.s.t.web.servlet.TestDispatcherServlet  : Initializing Servlet ''
2024-09-11T20:03:47.342Z  INFO 61968 --- [           main] o.s.t.web.servlet.TestDispatcherServlet  : Completed initialization in 1 ms
2024-09-11T20:03:47.347Z  INFO 61968 --- [           main] com.artist.ArtistApplicationTests        : Started ArtistApplicationTests in 0.29 seconds (process running for 5.474)

MockHttpServletRequest:
      HTTP Method = GET
      Request URI = /v1/artists
       Parameters = {}
          Headers = []
             Body = null
    Session Attrs = {}

Handler:
             Type = org.springframework.web.servlet.resource.ResourceHttpRequestHandler

Async:
    Async started = false
     Async result = null

Resolved Exception:
             Type = null

ModelAndView:
        View name = null
             View = null
            Model = null

FlashMap:
       Attributes = null

MockHttpServletResponse:
           Status = 404
    Error message = null
          Headers = [Vary:"Origin", "Access-Control-Request-Method", "Access-Control-Request-Headers"]
     Content type = null
             Body = 
    Forwarded URL = null
   Redirected URL = null
          Cookies = []

MockHttpServletRequest:
      HTTP Method = GET
      Request URI = /v1/artists
       Parameters = {}
          Headers = []
             Body = null
    Session Attrs = {}

Handler:
             Type = org.springframework.web.servlet.resource.ResourceHttpRequestHandler

Async:
    Async started = false
     Async result = null

Resolved Exception:
             Type = null

ModelAndView:
        View name = null
             View = null
            Model = null

FlashMap:
       Attributes = null

MockHttpServletResponse:
           Status = 404
    Error message = null
          Headers = [Vary:"Origin", "Access-Control-Request-Method", "Access-Control-Request-Headers"]
     Content type = null
             Body = 
    Forwarded URL = null
   Redirected URL = null
          Cookies = []
]]></system-out>
  </testcase>
  <testcase name="testCreatePlayList" classname="com.artist.ArtistApplicationTests" time="0.319">
    <failure message="No value at JSON path &quot;$.id&quot;" type="java.lang.AssertionError">java.lang.AssertionError: No value at JSON path "$.id"
	at com.artist.ArtistApplicationTests.testCreatePlayList(ArtistApplicationTests.java:59)
Caused by: java.lang.IllegalArgumentException: json can not be null or empty
	at com.artist.ArtistApplicationTests.testCreatePlayList(ArtistApplicationTests.java:59)
</failure>
    <system-out><![CDATA[2024-09-11T20:03:47.359Z  INFO 61968 --- [           main] j.LocalContainerEntityManagerFactoryBean : Closing JPA EntityManagerFactory for persistence unit 'default'
2024-09-11T20:03:47.360Z  INFO 61968 --- [           main] com.zaxxer.hikari.HikariDataSource       : HikariPool-5 - Shutdown initiated...
2024-09-11T20:03:47.361Z  INFO 61968 --- [           main] com.zaxxer.hikari.HikariDataSource       : HikariPool-5 - Shutdown completed.

  .   ____          _            __ _ _
 /\\ / ___'_ __ _ _(_)_ __  __ _ \ \ \ \
( ( )\___ | '_ | '_| | '_ \/ _` | \ \ \ \
 \\/  ___)| |_)| | | | | || (_| |  ) ) ) )
  '  |____| .__|_| |_|_| |_\__, | / / / /
 =========|_|==============|___/=/_/_/_/
 :: Spring Boot ::                (v3.0.6)

2024-09-11T20:03:47.381Z  INFO 61968 --- [           main] com.artist.ArtistApplicationTests        : Starting ArtistApplicationTests using Java 17.0.12 with PID 61968 (started by codespace in /workspaces/SpringBootApplication)
2024-09-11T20:03:47.382Z  INFO 61968 --- [           main] com.artist.ArtistApplicationTests        : No active profile set, falling back to 1 default profile: "default"
2024-09-11T20:03:47.458Z  INFO 61968 --- [           main] .s.d.r.c.RepositoryConfigurationDelegate : Bootstrapping Spring Data JPA repositories in DEFAULT mode.
2024-09-11T20:03:47.463Z  INFO 61968 --- [           main] .s.d.r.c.RepositoryConfigurationDelegate : Finished Spring Data repository scanning in 4 ms. Found 1 JPA repository interfaces.
2024-09-11T20:03:47.510Z  INFO 61968 --- [           main] o.hibernate.jpa.internal.util.LogHelper  : HHH000204: Processing PersistenceUnitInfo [name: default]
2024-09-11T20:03:47.515Z  INFO 61968 --- [           main] com.zaxxer.hikari.HikariDataSource       : HikariPool-6 - Starting...
2024-09-11T20:03:47.517Z  INFO 61968 --- [           main] com.zaxxer.hikari.pool.HikariPool        : HikariPool-6 - Added connection conn44: url=jdbc:h2:mem:testdb user=SA
2024-09-11T20:03:47.517Z  INFO 61968 --- [           main] com.zaxxer.hikari.HikariDataSource       : HikariPool-6 - Start completed.
2024-09-11T20:03:47.518Z  INFO 61968 --- [           main] SQL dialect                              : HHH000400: Using dialect: org.hibernate.dialect.H2Dialect
2024-09-11T20:03:47.538Z  INFO 61968 --- [           main] o.h.e.t.j.p.i.JtaPlatformInitiator       : HHH000490: Using JtaPlatform implementation: [org.hibernate.engine.transaction.jta.platform.internal.NoJtaPlatform]
2024-09-11T20:03:47.538Z  INFO 61968 --- [           main] j.LocalContainerEntityManagerFactoryBean : Initialized JPA EntityManagerFactory for persistence unit 'default'
2024-09-11T20:03:47.577Z  WARN 61968 --- [           main] JpaBaseConfiguration$JpaWebConfiguration : spring.jpa.open-in-view is enabled by default. Therefore, database queries may be performed during view rendering. Explicitly configure spring.jpa.open-in-view to disable this warning
2024-09-11T20:03:47.617Z  INFO 61968 --- [           main] o.s.b.a.w.s.WelcomePageHandlerMapping    : Adding welcome page template: index
2024-09-11T20:03:47.648Z  INFO 61968 --- [           main] o.s.b.a.h2.H2ConsoleAutoConfiguration    : H2 console available at '/h2-console'. Database available at 'jdbc:h2:mem:testdb'
2024-09-11T20:03:47.658Z  INFO 61968 --- [           main] o.s.b.t.m.w.SpringBootMockServletContext : Initializing Spring TestDispatcherServlet ''
2024-09-11T20:03:47.659Z  INFO 61968 --- [           main] o.s.t.web.servlet.TestDispatcherServlet  : Initializing Servlet ''
2024-09-11T20:03:47.659Z  INFO 61968 --- [           main] o.s.t.web.servlet.TestDispatcherServlet  : Completed initialization in 0 ms
2024-09-11T20:03:47.663Z  INFO 61968 --- [           main] com.artist.ArtistApplicationTests        : Started ArtistApplicationTests in 0.301 seconds (process running for 5.791)

MockHttpServletRequest:
      HTTP Method = POST
      Request URI = /v1/artists
       Parameters = {}
          Headers = [Content-Type:"application/json;charset=UTF-8", Content-Length:"43"]
             Body = {"firstName":"Henry ","lastName":"Kaldera"}
    Session Attrs = {}

Handler:
             Type = org.springframework.web.servlet.resource.ResourceHttpRequestHandler

Async:
    Async started = false
     Async result = null

Resolved Exception:
             Type = null

ModelAndView:
        View name = null
             View = null
            Model = null

FlashMap:
       Attributes = null

MockHttpServletResponse:
           Status = 404
    Error message = null
          Headers = [Vary:"Origin", "Access-Control-Request-Method", "Access-Control-Request-Headers"]
     Content type = null
             Body = 
    Forwarded URL = null
   Redirected URL = null
          Cookies = []

MockHttpServletRequest:
      HTTP Method = POST
      Request URI = /v1/artists
       Parameters = {}
          Headers = [Content-Type:"application/json;charset=UTF-8", Content-Length:"43"]
             Body = {"firstName":"Henry ","lastName":"Kaldera"}
    Session Attrs = {}

Handler:
             Type = org.springframework.web.servlet.resource.ResourceHttpRequestHandler

Async:
    Async started = false
     Async result = null

Resolved Exception:
             Type = null

ModelAndView:
        View name = null
             View = null
            Model = null

FlashMap:
       Attributes = null

MockHttpServletResponse:
           Status = 404
    Error message = null
          Headers = [Vary:"Origin", "Access-Control-Request-Method", "Access-Control-Request-Headers"]
     Content type = null
             Body = 
    Forwarded URL = null
   Redirected URL = null
          Cookies = []
]]></system-out>
  </testcase>
  <testcase name="testGetPlayListById" classname="com.artist.ArtistApplicationTests" time="0.285">
    <failure message="Status expected:&lt;201&gt; but was:&lt;404&gt;" type="java.lang.AssertionError"><![CDATA[java.lang.AssertionError: Status expected:<201> but was:<404>
	at com.artist.ArtistApplicationTests.testGetPlayListById(ArtistApplicationTests.java:119)
]]></failure>
    <system-out><![CDATA[2024-09-11T20:03:47.675Z  INFO 61968 --- [           main] j.LocalContainerEntityManagerFactoryBean : Closing JPA EntityManagerFactory for persistence unit 'default'
2024-09-11T20:03:47.676Z  INFO 61968 --- [           main] com.zaxxer.hikari.HikariDataSource       : HikariPool-6 - Shutdown initiated...
2024-09-11T20:03:47.681Z  INFO 61968 --- [           main] com.zaxxer.hikari.HikariDataSource       : HikariPool-6 - Shutdown completed.

  .   ____          _            __ _ _
 /\\ / ___'_ __ _ _(_)_ __  __ _ \ \ \ \
( ( )\___ | '_ | '_| | '_ \/ _` | \ \ \ \
 \\/  ___)| |_)| | | | | || (_| |  ) ) ) )
  '  |____| .__|_| |_|_| |_\__, | / / / /
 =========|_|==============|___/=/_/_/_/
 :: Spring Boot ::                (v3.0.6)

2024-09-11T20:03:47.699Z  INFO 61968 --- [           main] com.artist.ArtistApplicationTests        : Starting ArtistApplicationTests using Java 17.0.12 with PID 61968 (started by codespace in /workspaces/SpringBootApplication)
2024-09-11T20:03:47.699Z  INFO 61968 --- [           main] com.artist.ArtistApplicationTests        : No active profile set, falling back to 1 default profile: "default"
2024-09-11T20:03:47.773Z  INFO 61968 --- [           main] .s.d.r.c.RepositoryConfigurationDelegate : Bootstrapping Spring Data JPA repositories in DEFAULT mode.
2024-09-11T20:03:47.777Z  INFO 61968 --- [           main] .s.d.r.c.RepositoryConfigurationDelegate : Finished Spring Data repository scanning in 3 ms. Found 1 JPA repository interfaces.
2024-09-11T20:03:47.820Z  INFO 61968 --- [           main] o.hibernate.jpa.internal.util.LogHelper  : HHH000204: Processing PersistenceUnitInfo [name: default]
2024-09-11T20:03:47.824Z  INFO 61968 --- [           main] com.zaxxer.hikari.HikariDataSource       : HikariPool-7 - Starting...
2024-09-11T20:03:47.826Z  INFO 61968 --- [           main] com.zaxxer.hikari.pool.HikariPool        : HikariPool-7 - Added connection conn51: url=jdbc:h2:mem:testdb user=SA
2024-09-11T20:03:47.826Z  INFO 61968 --- [           main] com.zaxxer.hikari.HikariDataSource       : HikariPool-7 - Start completed.
2024-09-11T20:03:47.827Z  INFO 61968 --- [           main] SQL dialect                              : HHH000400: Using dialect: org.hibernate.dialect.H2Dialect
2024-09-11T20:03:47.843Z  INFO 61968 --- [           main] o.h.e.t.j.p.i.JtaPlatformInitiator       : HHH000490: Using JtaPlatform implementation: [org.hibernate.engine.transaction.jta.platform.internal.NoJtaPlatform]
2024-09-11T20:03:47.843Z  INFO 61968 --- [           main] j.LocalContainerEntityManagerFactoryBean : Initialized JPA EntityManagerFactory for persistence unit 'default'
2024-09-11T20:03:47.882Z  WARN 61968 --- [           main] JpaBaseConfiguration$JpaWebConfiguration : spring.jpa.open-in-view is enabled by default. Therefore, database queries may be performed during view rendering. Explicitly configure spring.jpa.open-in-view to disable this warning
2024-09-11T20:03:47.904Z  INFO 61968 --- [           main] o.s.b.a.w.s.WelcomePageHandlerMapping    : Adding welcome page template: index
2024-09-11T20:03:47.930Z  INFO 61968 --- [           main] o.s.b.a.h2.H2ConsoleAutoConfiguration    : H2 console available at '/h2-console'. Database available at 'jdbc:h2:mem:testdb'
2024-09-11T20:03:47.943Z  INFO 61968 --- [           main] o.s.b.t.m.w.SpringBootMockServletContext : Initializing Spring TestDispatcherServlet ''
2024-09-11T20:03:47.944Z  INFO 61968 --- [           main] o.s.t.web.servlet.TestDispatcherServlet  : Initializing Servlet ''
2024-09-11T20:03:47.946Z  INFO 61968 --- [           main] o.s.t.web.servlet.TestDispatcherServlet  : Completed initialization in 1 ms
2024-09-11T20:03:47.950Z  INFO 61968 --- [           main] com.artist.ArtistApplicationTests        : Started ArtistApplicationTests in 0.267 seconds (process running for 6.078)

MockHttpServletRequest:
      HTTP Method = POST
      Request URI = /v1/artists
       Parameters = {}
          Headers = [Content-Type:"application/json;charset=UTF-8", Content-Length:"43"]
             Body = {"firstName":"Henry ","lastName":"Kaldera"}
    Session Attrs = {}

Handler:
             Type = org.springframework.web.servlet.resource.ResourceHttpRequestHandler

Async:
    Async started = false
     Async result = null

Resolved Exception:
             Type = null

ModelAndView:
        View name = null
             View = null
            Model = null

FlashMap:
       Attributes = null

MockHttpServletResponse:
           Status = 404
    Error message = null
          Headers = [Vary:"Origin", "Access-Control-Request-Method", "Access-Control-Request-Headers"]
     Content type = null
             Body = 
    Forwarded URL = null
   Redirected URL = null
          Cookies = []

MockHttpServletRequest:
      HTTP Method = POST
      Request URI = /v1/artists
       Parameters = {}
          Headers = [Content-Type:"application/json;charset=UTF-8", Content-Length:"43"]
             Body = {"firstName":"Henry ","lastName":"Kaldera"}
    Session Attrs = {}

Handler:
             Type = org.springframework.web.servlet.resource.ResourceHttpRequestHandler

Async:
    Async started = false
     Async result = null

Resolved Exception:
             Type = null

ModelAndView:
        View name = null
             View = null
            Model = null

FlashMap:
       Attributes = null

MockHttpServletResponse:
           Status = 404
    Error message = null
          Headers = [Vary:"Origin", "Access-Control-Request-Method", "Access-Control-Request-Headers"]
     Content type = null
             Body = 
    Forwarded URL = null
   Redirected URL = null
          Cookies = []
]]></system-out>
  </testcase>
</testsuite>